{"C:\\Users\\lsn_c\\Projetos\\Trilha-react\\coffe-delivery\\src\\App.tsx": {"path":"C:\\Users\\lsn_c\\Projetos\\Trilha-react\\coffe-delivery\\src\\App.tsx","all":false,"statementMap":{"0":{"start":{"line":1,"column":0},"end":{"line":1,"column":32}},"1":{"start":{"line":2,"column":0},"end":{"line":2,"column":38}},"2":{"start":{"line":3,"column":0},"end":{"line":3,"column":0}},"3":{"start":{"line":4,"column":0},"end":{"line":4,"column":16}},"4":{"start":{"line":5,"column":0},"end":{"line":5,"column":0}},"5":{"start":{"line":6,"column":0},"end":{"line":6,"column":10}},"6":{"start":{"line":7,"column":0},"end":{"line":7,"column":53}},"7":{"start":{"line":8,"column":0},"end":{"line":8,"column":3}},"8":{"start":{"line":9,"column":0},"end":{"line":9,"column":1}},"9":{"start":{"line":10,"column":0},"end":{"line":10,"column":0}},"10":{"start":{"line":11,"column":0},"end":{"line":11,"column":18}}},"s":{"0":1,"1":1,"2":1,"3":3,"4":3,"5":3,"6":3,"7":3,"8":3,"9":1,"10":1},"branchMap":{"0":{"type":"branch","line":11,"loc":{"start":{"line":11,"column":0},"end":{"line":11,"column":15}},"locations":[{"start":{"line":11,"column":0},"end":{"line":11,"column":15}}]},"1":{"type":"branch","line":4,"loc":{"start":{"line":4,"column":0},"end":{"line":9,"column":1}},"locations":[{"start":{"line":4,"column":0},"end":{"line":9,"column":1}}]}},"b":{"0":[3],"1":[3]},"fnMap":{"0":{"name":"get","decl":{"start":{"line":11,"column":0},"end":{"line":11,"column":15}},"loc":{"start":{"line":11,"column":0},"end":{"line":11,"column":15}},"line":11},"1":{"name":"App","decl":{"start":{"line":4,"column":0},"end":{"line":9,"column":1}},"loc":{"start":{"line":4,"column":0},"end":{"line":9,"column":1}},"line":4}},"f":{"0":3,"1":3}}
,"C:\\Users\\lsn_c\\Projetos\\Trilha-react\\coffe-delivery\\src\\components\\List.tsx": {"path":"C:\\Users\\lsn_c\\Projetos\\Trilha-react\\coffe-delivery\\src\\components\\List.tsx","all":false,"statementMap":{"0":{"start":{"line":1,"column":0},"end":{"line":1,"column":32}},"1":{"start":{"line":2,"column":0},"end":{"line":2,"column":0}},"2":{"start":{"line":3,"column":0},"end":{"line":3,"column":20}},"3":{"start":{"line":4,"column":0},"end":{"line":4,"column":23}},"4":{"start":{"line":5,"column":0},"end":{"line":5,"column":1}},"5":{"start":{"line":6,"column":0},"end":{"line":6,"column":0}},"6":{"start":{"line":7,"column":0},"end":{"line":7,"column":48}},"7":{"start":{"line":8,"column":0},"end":{"line":8,"column":50}},"8":{"start":{"line":9,"column":0},"end":{"line":9,"column":45}},"9":{"start":{"line":10,"column":0},"end":{"line":10,"column":0}},"10":{"start":{"line":11,"column":0},"end":{"line":11,"column":26}},"11":{"start":{"line":12,"column":0},"end":{"line":12,"column":21}},"12":{"start":{"line":13,"column":0},"end":{"line":13,"column":0}},"13":{"start":{"line":14,"column":0},"end":{"line":14,"column":41}},"14":{"start":{"line":15,"column":0},"end":{"line":15,"column":10}},"15":{"start":{"line":16,"column":0},"end":{"line":16,"column":3}},"16":{"start":{"line":17,"column":0},"end":{"line":17,"column":0}},"17":{"start":{"line":18,"column":0},"end":{"line":18,"column":43}},"18":{"start":{"line":19,"column":0},"end":{"line":19,"column":21}},"19":{"start":{"line":20,"column":0},"end":{"line":20,"column":59}},"20":{"start":{"line":21,"column":0},"end":{"line":21,"column":10}},"21":{"start":{"line":22,"column":0},"end":{"line":22,"column":4}},"22":{"start":{"line":23,"column":0},"end":{"line":23,"column":3}},"23":{"start":{"line":24,"column":0},"end":{"line":24,"column":0}},"24":{"start":{"line":25,"column":0},"end":{"line":25,"column":10}},"25":{"start":{"line":26,"column":0},"end":{"line":26,"column":6}},"26":{"start":{"line":27,"column":0},"end":{"line":27,"column":52}},"27":{"start":{"line":28,"column":0},"end":{"line":28,"column":96}},"28":{"start":{"line":29,"column":0},"end":{"line":29,"column":0}},"29":{"start":{"line":30,"column":0},"end":{"line":30,"column":10}},"30":{"start":{"line":31,"column":0},"end":{"line":31,"column":29}},"31":{"start":{"line":32,"column":0},"end":{"line":32,"column":25}},"32":{"start":{"line":33,"column":0},"end":{"line":33,"column":18}},"33":{"start":{"line":34,"column":0},"end":{"line":34,"column":74}},"34":{"start":{"line":35,"column":0},"end":{"line":35,"column":15}},"35":{"start":{"line":36,"column":0},"end":{"line":36,"column":11}},"36":{"start":{"line":37,"column":0},"end":{"line":37,"column":11}},"37":{"start":{"line":38,"column":0},"end":{"line":38,"column":7}},"38":{"start":{"line":39,"column":0},"end":{"line":39,"column":3}},"39":{"start":{"line":40,"column":0},"end":{"line":40,"column":1}}},"s":{"0":1,"1":1,"2":1,"3":1,"4":1,"5":1,"6":1,"7":19,"8":19,"9":19,"10":19,"11":2,"12":2,"13":2,"14":2,"15":2,"16":19,"17":19,"18":2,"19":2,"20":2,"21":2,"22":2,"23":19,"24":19,"25":19,"26":19,"27":19,"28":19,"29":19,"30":19,"31":35,"32":19,"33":19,"34":19,"35":19,"36":19,"37":19,"38":19,"39":19},"branchMap":{"0":{"type":"branch","line":7,"loc":{"start":{"line":7,"column":16},"end":{"line":7,"column":21}},"locations":[{"start":{"line":7,"column":16},"end":{"line":7,"column":21}}]},"1":{"type":"branch","line":7,"loc":{"start":{"line":7,"column":7},"end":{"line":40,"column":1}},"locations":[{"start":{"line":7,"column":7},"end":{"line":40,"column":1}}]},"2":{"type":"branch","line":11,"loc":{"start":{"line":11,"column":20},"end":{"line":16,"column":3}},"locations":[{"start":{"line":11,"column":20},"end":{"line":16,"column":3}}]},"3":{"type":"branch","line":12,"loc":{"start":{"line":12,"column":15},"end":{"line":15,"column":6}},"locations":[{"start":{"line":12,"column":15},"end":{"line":15,"column":6}}]},"4":{"type":"branch","line":14,"loc":{"start":{"line":14,"column":14},"end":{"line":14,"column":41}},"locations":[{"start":{"line":14,"column":14},"end":{"line":14,"column":41}}]},"5":{"type":"branch","line":18,"loc":{"start":{"line":18,"column":25},"end":{"line":23,"column":3}},"locations":[{"start":{"line":18,"column":25},"end":{"line":23,"column":3}}]},"6":{"type":"branch","line":19,"loc":{"start":{"line":19,"column":15},"end":{"line":21,"column":6}},"locations":[{"start":{"line":19,"column":15},"end":{"line":21,"column":6}}]},"7":{"type":"branch","line":20,"loc":{"start":{"line":20,"column":14},"end":{"line":20,"column":59}},"locations":[{"start":{"line":20,"column":14},"end":{"line":20,"column":59}}]},"8":{"type":"branch","line":20,"loc":{"start":{"line":20,"column":35},"end":{"line":20,"column":59}},"locations":[{"start":{"line":20,"column":35},"end":{"line":20,"column":59}}]},"9":{"type":"branch","line":28,"loc":{"start":{"line":28,"column":59},"end":{"line":28,"column":96}},"locations":[{"start":{"line":28,"column":59},"end":{"line":28,"column":96}}]},"10":{"type":"branch","line":31,"loc":{"start":{"line":31,"column":18},"end":{"line":32,"column":25}},"locations":[{"start":{"line":31,"column":18},"end":{"line":32,"column":25}}]},"11":{"type":"branch","line":34,"loc":{"start":{"line":34,"column":29},"end":{"line":34,"column":58}},"locations":[{"start":{"line":34,"column":29},"end":{"line":34,"column":58}}]}},"b":{"0":[7],"1":[19],"2":[2],"3":[2],"4":[2],"5":[2],"6":[2],"7":[2],"8":[4],"9":[8],"10":[35],"11":[2]},"fnMap":{"0":{"name":"get","decl":{"start":{"line":7,"column":16},"end":{"line":7,"column":21}},"loc":{"start":{"line":7,"column":16},"end":{"line":7,"column":21}},"line":7},"1":{"name":"List","decl":{"start":{"line":7,"column":7},"end":{"line":40,"column":1}},"loc":{"start":{"line":7,"column":7},"end":{"line":40,"column":1}},"line":7},"2":{"name":"AddToList","decl":{"start":{"line":11,"column":20},"end":{"line":16,"column":3}},"loc":{"start":{"line":11,"column":20},"end":{"line":16,"column":3}},"line":11},"3":{"name":"removeFromList","decl":{"start":{"line":18,"column":25},"end":{"line":23,"column":3}},"loc":{"start":{"line":18,"column":25},"end":{"line":23,"column":3}},"line":18},"4":{"name":"onChange","decl":{"start":{"line":28,"column":59},"end":{"line":28,"column":96}},"loc":{"start":{"line":28,"column":59},"end":{"line":28,"column":96}},"line":28},"5":{"name":"onClick","decl":{"start":{"line":34,"column":29},"end":{"line":34,"column":58}},"loc":{"start":{"line":34,"column":29},"end":{"line":34,"column":58}},"line":34}},"f":{"0":7,"1":19,"2":2,"3":2,"4":8,"5":2}}
}
