TN:
SF:src\App.tsx
FN:11,get
FN:4,App
FNF:2
FNH:2
FNDA:3,get
FNDA:3,App
DA:1,1
DA:2,1
DA:3,1
DA:4,3
DA:5,3
DA:6,3
DA:7,3
DA:8,3
DA:9,3
DA:10,1
DA:11,1
LF:11
LH:11
BRDA:11,0,0,3
BRDA:4,1,0,3
BRF:2
BRH:2
end_of_record
TN:
SF:src\components\List.tsx
FN:7,get
FN:7,List
FN:11,AddToList
FN:18,removeFromList
FN:28,onChange
FN:34,onClick
FNF:6
FNH:6
FNDA:7,get
FNDA:19,List
FNDA:2,AddToList
FNDA:2,removeFromList
FNDA:8,onChange
FNDA:2,onClick
DA:1,1
DA:2,1
DA:3,1
DA:4,1
DA:5,1
DA:6,1
DA:7,1
DA:8,19
DA:9,19
DA:10,19
DA:11,19
DA:12,2
DA:13,2
DA:14,2
DA:15,2
DA:16,2
DA:17,19
DA:18,19
DA:19,2
DA:20,2
DA:21,2
DA:22,2
DA:23,2
DA:24,19
DA:25,19
DA:26,19
DA:27,19
DA:28,19
DA:29,19
DA:30,19
DA:31,19
DA:32,35
DA:33,19
DA:34,19
DA:35,19
DA:36,19
DA:37,19
DA:38,19
DA:39,19
DA:40,19
LF:40
LH:40
BRDA:7,0,0,7
BRDA:7,1,0,19
BRDA:11,2,0,2
BRDA:12,3,0,2
BRDA:14,4,0,2
BRDA:18,5,0,2
BRDA:19,6,0,2
BRDA:20,7,0,2
BRDA:20,8,0,4
BRDA:28,9,0,8
BRDA:31,10,0,35
BRDA:34,11,0,2
BRF:12
BRH:12
end_of_record
